build/app/outputs/mapping/r8/release/mapping.txt
# compiler: R8
# compiler_version: 1.2.49
# min_api: 16
...
com.tekartik.sqflite.operation.SqlErrorInfo -> b.a.a.b.h:
    java.util.Map getMap(com.tekartik.sqflite.operation.Operation) -> a
io.flutter.Log -> c.a.a:
    void d(java.lang.String,java.lang.String) -> b
    void e(java.lang.String,java.lang.String,java.lang.Throwable) -> a
    void v(java.lang.String,java.lang.String) -> a
    void w(java.lang.String,java.lang.String) -> c
io.flutter.app.FlutterActivity -> io.flutter.app.a:
    io.flutter.app.FlutterActivityDelegate delegate -> a
    io.flutter.app.FlutterActivityEvents eventDelegate -> b
    io.flutter.plugin.common.PluginRegistry pluginRegistry -> d
    io.flutter.view.FlutterView$Provider viewProvider -> c
    boolean hasPlugin(java.lang.String) -> a
    boolean retainFlutterNativeView() -> a
    io.flutter.plugin.common.PluginRegistry$Registrar registrarFor(java.lang.String) -> b
    io.flutter.view.FlutterNativeView createFlutterNativeView() -> b
    io.flutter.view.FlutterView createFlutterView(android.content.Context) -> a
io.flutter.app.FlutterActivityDelegate -> io.flutter.app.d:
    android.app.Activity activity -> b
    android.view.View launchView -> e
    io.flutter.app.FlutterActivityDelegate$ViewFactory viewFactory -> c
    io.flutter.view.FlutterView flutterView -> d
    android.view.WindowManager$LayoutParams matchParent -> a
    android.graphics.drawable.Drawable getLaunchScreenDrawableFromActivityTheme() -> c
    android.view.View access$000(io.flutter.app.FlutterActivityDelegate) -> a
    android.view.View access$002(io.flutter.app.FlutterActivityDelegate,android.view.View) -> a
    android.view.View createLaunchView() -> b
    boolean isDebuggable() -> a
    boolean loadIntent(android.content.Intent) -> b
    io.flutter.view.FlutterView access$100(io.flutter.app.FlutterActivityDelegate) -> b
    java.lang.Boolean showSplashScreenUntilFirstFrame() -> d
    java.lang.String[] getArgsFromIntent(android.content.Intent) -> a
    void addLaunchView() -> e
    void runBundle(java.lang.String) -> c
    boolean hasPlugin(java.lang.String) -> a
    boolean onRequestPermissionsResult(int,java.lang.String[],int[]) -> a
    io.flutter.plugin.common.PluginRegistry$Registrar registrarFor(java.lang.String) -> b
io.flutter.app.FlutterActivityDelegate$1 -> io.flutter.app.c:
    io.flutter.app.FlutterActivityDelegate this$0 -> a
    void onFirstFrame() -> a
io.flutter.app.FlutterActivityDelegate$1$1 -> io.flutter.app.b:
    io.flutter.app.FlutterActivityDelegate$1 this$1 -> a
io.flutter.app.FlutterActivityDelegate$ViewFactory -> io.flutter.app.d$a:
    boolean retainFlutterNativeView() -> a
    io.flutter.view.FlutterNativeView createFlutterNativeView() -> b
    io.flutter.view.FlutterView createFlutterView(android.content.Context) -> a
io.flutter.app.FlutterActivityEvents -> io.flutter.app.e:
io.flutter.app.FlutterApplication -> io.flutter.app.FlutterApplication:
    android.app.Activity mCurrentActivity -> a
    android.app.Activity getCurrentActivity() -> a
    void setCurrentActivity(android.app.Activity) -> a